<?xml version="1.0" encoding="UTF-8"?>
<testsuite xmlns:xsi="http://www.w3.org/2001/XMLSchema-instance" xsi:noNamespaceSchemaLocation="https://maven.apache.org/surefire/maven-surefire-plugin/xsd/surefire-test-report-3.0.xsd" version="3.0" name="com.myh.service.ManagerServiceTest" time="0.013" tests="1" errors="0" skipped="0" failures="0">
  <properties>
[...]
</properties>
  <testcase name="login" classname="com.myh.service.ManagerServiceTest" time="0.006">
    <system-out><![CDATA[DEBUG [main] - Creating a new SqlSession
DEBUG [main] - SqlSession [org.apache.ibatis.session.defaults.DefaultSqlSession@12bcd0c0] was not registered for synchronization because synchronization is not active
DEBUG [main] - JDBC Connection [com.mysql.cj.jdbc.ConnectionImpl@758a34ce] will not be managed by Spring
DEBUG [main] - ==>  Preparing: select id, user, password, realName from manager WHERE ( user = ? and password = ? )
DEBUG [main] - ==> Parameters: myh(String), 1=1 (String)
DEBUG [main] - <==      Total: 0
DEBUG [main] - Closing non transactional SqlSession [org.apache.ibatis.session.defaults.DefaultSqlSession@12bcd0c0]
null
]]></system-out>
    <system-err><![CDATA[五月 06, 2023 3:20:07 下午 org.springframework.test.context.support.AbstractTestContextBootstrapper getDefaultTestExecutionListenerClassNames
信息: Loaded default TestExecutionListener class names from location [META-INF/spring.factories]: [org.springframework.test.context.web.ServletTestExecutionListener, org.springframework.test.context.support.DirtiesContextBeforeModesTestExecutionListener, org.springframework.test.context.support.DependencyInjectionTestExecutionListener, org.springframework.test.context.support.DirtiesContextTestExecutionListener, org.springframework.test.context.transaction.TransactionalTestExecutionListener, org.springframework.test.context.jdbc.SqlScriptsTestExecutionListener, org.springframework.test.context.event.EventPublishingTestExecutionListener]
五月 06, 2023 3:20:07 下午 org.springframework.test.context.support.AbstractTestContextBootstrapper getTestExecutionListeners
信息: Using TestExecutionListeners: [org.springframework.test.context.web.ServletTestExecutionListener@75c9e76b, org.springframework.test.context.support.DirtiesContextBeforeModesTestExecutionListener@7446d8d5, org.springframework.test.context.support.DependencyInjectionTestExecutionListener@5c3b6c6e, org.springframework.test.context.support.DirtiesContextTestExecutionListener@4fbda97b, org.springframework.test.context.transaction.TransactionalTestExecutionListener@75f5fd58, org.springframework.test.context.jdbc.SqlScriptsTestExecutionListener@37b70343, org.springframework.test.context.event.EventPublishingTestExecutionListener@306851c7]
]]></system-err>
  </testcase>
</testsuite>