<?xml version="1.0" encoding="UTF-8"?>
<testsuite xmlns:xsi="http://www.w3.org/2001/XMLSchema-instance" xsi:noNamespaceSchemaLocation="https://maven.apache.org/surefire/maven-surefire-plugin/xsd/surefire-test-report-3.0.xsd" version="3.0" name="com.myh.test.TestMapper" time="0.024" tests="2" errors="0" skipped="0" failures="0">
  <properties>
[...]
</properties>
  <testcase name="test01" classname="com.myh.test.TestMapper" time="0.002">
    <system-out><![CDATA[DEBUG [main] - Creating a new SqlSession
DEBUG [main] - SqlSession [org.apache.ibatis.session.defaults.DefaultSqlSession@f73dcd6] was not registered for synchronization because synchronization is not active
DEBUG [main] - JDBC Connection [com.mysql.cj.jdbc.ConnectionImpl@758a34ce] will not be managed by Spring
DEBUG [main] - ==>  Preparing: select stuno, grade, password, stuname, sex, idNumber, college, major, direction, place, url, note, lastSaveTime, isInProvince, isCrossExam, isDFC, companyId from graduate where stuno = ?
DEBUG [main] - ==> Parameters: 1(String)
DEBUG [main] - <==      Total: 0
DEBUG [main] - Closing non transactional SqlSession [org.apache.ibatis.session.defaults.DefaultSqlSession@f73dcd6]
null
]]></system-out>
    <system-err><![CDATA[五月 06, 2023 3:20:07 下午 org.springframework.test.context.support.AbstractTestContextBootstrapper getDefaultTestExecutionListenerClassNames
信息: Loaded default TestExecutionListener class names from location [META-INF/spring.factories]: [org.springframework.test.context.web.ServletTestExecutionListener, org.springframework.test.context.support.DirtiesContextBeforeModesTestExecutionListener, org.springframework.test.context.support.DependencyInjectionTestExecutionListener, org.springframework.test.context.support.DirtiesContextTestExecutionListener, org.springframework.test.context.transaction.TransactionalTestExecutionListener, org.springframework.test.context.jdbc.SqlScriptsTestExecutionListener, org.springframework.test.context.event.EventPublishingTestExecutionListener]
五月 06, 2023 3:20:07 下午 org.springframework.test.context.support.AbstractTestContextBootstrapper getTestExecutionListeners
信息: Using TestExecutionListeners: [org.springframework.test.context.web.ServletTestExecutionListener@5b43fbf6, org.springframework.test.context.support.DirtiesContextBeforeModesTestExecutionListener@1080b026, org.springframework.test.context.support.DependencyInjectionTestExecutionListener@58ebfd03, org.springframework.test.context.support.DirtiesContextTestExecutionListener@5b07730f, org.springframework.test.context.transaction.TransactionalTestExecutionListener@1fdfafd2, org.springframework.test.context.jdbc.SqlScriptsTestExecutionListener@a4b2d8f, org.springframework.test.context.event.EventPublishingTestExecutionListener@dcfda20]
]]></system-err>
  </testcase>
  <testcase name="test02" classname="com.myh.test.TestMapper" time="0.017">
    <system-out><![CDATA[DEBUG [main] - Creating a new SqlSession
DEBUG [main] - Registering transaction synchronization for SqlSession [org.apache.ibatis.session.defaults.DefaultSqlSession@2fea7088]
DEBUG [main] - JDBC Connection [com.mysql.cj.jdbc.ConnectionImpl@758a34ce] will be managed by Spring
DEBUG [main] - ==>  Preparing: SELECT count(0) FROM graduate
DEBUG [main] - ==> Parameters: 
DEBUG [main] - <==      Total: 1
DEBUG [main] - ==>  Preparing: select stuno, grade, password, stuname, sex, idNumber, college, major, direction, place, url, note, lastSaveTime, isInProvince, isCrossExam, isDFC, companyId from graduate LIMIT ?
DEBUG [main] - ==> Parameters: 5(Integer)
DEBUG [main] - <==      Total: 5
DEBUG [main] - Releasing transactional SqlSession [org.apache.ibatis.session.defaults.DefaultSqlSession@2fea7088]
DEBUG [main] - Fetched SqlSession [org.apache.ibatis.session.defaults.DefaultSqlSession@2fea7088] from current transaction
DEBUG [main] - ==>  Preparing: select id, college from college where id = ?
DEBUG [main] - ==> Parameters: null
DEBUG [main] - <==      Total: 0
DEBUG [main] - Releasing transactional SqlSession [org.apache.ibatis.session.defaults.DefaultSqlSession@2fea7088]
DEBUG [main] - Fetched SqlSession [org.apache.ibatis.session.defaults.DefaultSqlSession@2fea7088] from current transaction
DEBUG [main] - ==>  Preparing: select id, collegeid, major from major where id = ?
DEBUG [main] - ==> Parameters: null
DEBUG [main] - <==      Total: 0
DEBUG [main] - Releasing transactional SqlSession [org.apache.ibatis.session.defaults.DefaultSqlSession@2fea7088]
DEBUG [main] - Fetched SqlSession [org.apache.ibatis.session.defaults.DefaultSqlSession@2fea7088] from current transaction
DEBUG [main] - ==>  Preparing: select id, direction from direction where id = ?
DEBUG [main] - ==> Parameters: null
DEBUG [main] - <==      Total: 0
DEBUG [main] - Releasing transactional SqlSession [org.apache.ibatis.session.defaults.DefaultSqlSession@2fea7088]
DEBUG [main] - Fetched SqlSession [org.apache.ibatis.session.defaults.DefaultSqlSession@2fea7088] from current transaction
DEBUG [main] - ==>  Preparing: select id, college from college where id = ?
DEBUG [main] - ==> Parameters: 15(Integer)
DEBUG [main] - <==      Total: 1
DEBUG [main] - Releasing transactional SqlSession [org.apache.ibatis.session.defaults.DefaultSqlSession@2fea7088]
DEBUG [main] - Fetched SqlSession [org.apache.ibatis.session.defaults.DefaultSqlSession@2fea7088] from current transaction
DEBUG [main] - ==>  Preparing: select id, collegeid, major from major where id = ?
DEBUG [main] - ==> Parameters: 46(Integer)
DEBUG [main] - <==      Total: 1
DEBUG [main] - Releasing transactional SqlSession [org.apache.ibatis.session.defaults.DefaultSqlSession@2fea7088]
DEBUG [main] - Fetched SqlSession [org.apache.ibatis.session.defaults.DefaultSqlSession@2fea7088] from current transaction
DEBUG [main] - ==>  Preparing: select id, direction from direction where id = ?
DEBUG [main] - ==> Parameters: 3(Integer)
DEBUG [main] - <==      Total: 1
DEBUG [main] - Releasing transactional SqlSession [org.apache.ibatis.session.defaults.DefaultSqlSession@2fea7088]
DEBUG [main] - Fetched SqlSession [org.apache.ibatis.session.defaults.DefaultSqlSession@2fea7088] from current transaction
DEBUG [main] - ==>  Preparing: select id, college from college where id = ?
DEBUG [main] - ==> Parameters: 4(Integer)
DEBUG [main] - <==      Total: 1
DEBUG [main] - Releasing transactional SqlSession [org.apache.ibatis.session.defaults.DefaultSqlSession@2fea7088]
DEBUG [main] - Fetched SqlSession [org.apache.ibatis.session.defaults.DefaultSqlSession@2fea7088] from current transaction
DEBUG [main] - ==>  Preparing: select id, collegeid, major from major where id = ?
DEBUG [main] - ==> Parameters: 14(Integer)
DEBUG [main] - <==      Total: 1
DEBUG [main] - Releasing transactional SqlSession [org.apache.ibatis.session.defaults.DefaultSqlSession@2fea7088]
DEBUG [main] - Fetched SqlSession [org.apache.ibatis.session.defaults.DefaultSqlSession@2fea7088] from current transaction
DEBUG [main] - ==>  Preparing: select id, direction from direction where id = ?
DEBUG [main] - ==> Parameters: 6(Integer)
DEBUG [main] - <==      Total: 1
DEBUG [main] - Releasing transactional SqlSession [org.apache.ibatis.session.defaults.DefaultSqlSession@2fea7088]
DEBUG [main] - Fetched SqlSession [org.apache.ibatis.session.defaults.DefaultSqlSession@2fea7088] from current transaction
DEBUG [main] - Releasing transactional SqlSession [org.apache.ibatis.session.defaults.DefaultSqlSession@2fea7088]
DEBUG [main] - Fetched SqlSession [org.apache.ibatis.session.defaults.DefaultSqlSession@2fea7088] from current transaction
DEBUG [main] - Releasing transactional SqlSession [org.apache.ibatis.session.defaults.DefaultSqlSession@2fea7088]
DEBUG [main] - Fetched SqlSession [org.apache.ibatis.session.defaults.DefaultSqlSession@2fea7088] from current transaction
DEBUG [main] - Releasing transactional SqlSession [org.apache.ibatis.session.defaults.DefaultSqlSession@2fea7088]
DEBUG [main] - Fetched SqlSession [org.apache.ibatis.session.defaults.DefaultSqlSession@2fea7088] from current transaction
DEBUG [main] - ==>  Preparing: select id, college from college where id = ?
DEBUG [main] - ==> Parameters: 14(Integer)
DEBUG [main] - <==      Total: 1
DEBUG [main] - Releasing transactional SqlSession [org.apache.ibatis.session.defaults.DefaultSqlSession@2fea7088]
DEBUG [main] - Fetched SqlSession [org.apache.ibatis.session.defaults.DefaultSqlSession@2fea7088] from current transaction
DEBUG [main] - ==>  Preparing: select id, collegeid, major from major where id = ?
DEBUG [main] - ==> Parameters: 43(Integer)
DEBUG [main] - <==      Total: 1
DEBUG [main] - Releasing transactional SqlSession [org.apache.ibatis.session.defaults.DefaultSqlSession@2fea7088]
DEBUG [main] - Fetched SqlSession [org.apache.ibatis.session.defaults.DefaultSqlSession@2fea7088] from current transaction
DEBUG [main] - ==>  Preparing: select id, direction from direction where id = ?
DEBUG [main] - ==> Parameters: 1(Integer)
DEBUG [main] - <==      Total: 1
DEBUG [main] - Releasing transactional SqlSession [org.apache.ibatis.session.defaults.DefaultSqlSession@2fea7088]
DEBUG [main] - Transaction synchronization committing SqlSession [org.apache.ibatis.session.defaults.DefaultSqlSession@2fea7088]
DEBUG [main] - Transaction synchronization deregistering SqlSession [org.apache.ibatis.session.defaults.DefaultSqlSession@2fea7088]
DEBUG [main] - Transaction synchronization closing SqlSession [org.apache.ibatis.session.defaults.DefaultSqlSession@2fea7088]
PageInfo{pageNum=1, pageSize=5, size=5, startRow=1, endRow=5, total=4022, pages=805, list=Page{count=true, pageNum=1, pageSize=5, startRow=0, endRow=5, total=4022, pages=805, reasonable=true, pageSizeZero=false}[Graduate{stuno='201830523000', grade=null, password='', stuname='', sex=null, idNumber='null', college=null, major=null, direction=null, place='', url='null', note='null', lastSaveTime=Mon May 01 07:03:36 GMT+08:00 2023, isInProvince=null, isCrossExam=null, isDFC=null, companyId=null, c=null, m=null, d=null}, Graduate{stuno='201830523001', grade=2023, password='0000', stuname='张1', sex=1, idNumber='527444292936510000', college=15, major=46, direction=3, place='', url='null', note='', lastSaveTime=Thu May 04 07:46:32 GMT+08:00 2023, isInProvince=1, isCrossExam=1, isDFC=1, companyId=null, c=com.myh.pojo.College@79da1ec0, m=com.myh.pojo.Major@19fb8826, d=com.myh.pojo.Direction@192d74fb}, Graduate{stuno='201830523002', grade=2022, password='0000', stuname='张2', sex=0, idNumber='669183410134928000', college=4, major=14, direction=6, place='', url='c9a12ea0bda1448f8208396bf3e23d18.jpg', note='', lastSaveTime=Tue Apr 25 00:05:05 GMT+08:00 2023, isInProvince=0, isCrossExam=null, isDFC=null, companyId=null, c=com.myh.pojo.College@4bef0fe3, m=com.myh.pojo.Major@62ea3440, d=com.myh.pojo.Direction@27953a83}, Graduate{stuno='201830523003', grade=null, password='null', stuname='null', sex=null, idNumber='null', college=null, major=null, direction=null, place='null', url='null', note='null', lastSaveTime=Tue Apr 25 00:05:05 GMT+08:00 2023, isInProvince=1, isCrossExam=null, isDFC=null, companyId=null, c=null, m=null, d=null}, Graduate{stuno='201830523004', grade=2023, password='Aa1!123', stuname='asdf', sex=1, idNumber='527444292936510000', college=14, major=43, direction=1, place='', url='0fc68960264f4d9e86e01c8b5f06f186.jpg', note='', lastSaveTime=Sun Apr 30 23:18:45 GMT+08:00 2023, isInProvince=0, isCrossExam=1, isDFC=1, companyId=4, c=com.myh.pojo.College@556d0826, m=com.myh.pojo.Major@66ce957f, d=com.myh.pojo.Direction@55b5f5d2}], prePage=0, nextPage=2, isFirstPage=true, isLastPage=false, hasPreviousPage=false, hasNextPage=true, navigatePages=8, navigateFirstPage=1, navigateLastPage=8, navigatepageNums=[1, 2, 3, 4, 5, 6, 7, 8]}
]]></system-out>
  </testcase>
</testsuite>