<?xml version="1.0" encoding="UTF-8"?>
<testsuite xmlns:xsi="http://www.w3.org/2001/XMLSchema-instance" xsi:noNamespaceSchemaLocation="https://maven.apache.org/surefire/maven-surefire-plugin/xsd/surefire-test-report-3.0.xsd" version="3.0" name="com.myh.service.GraduateServiceTest" time="5.308" tests="14" errors="0" skipped="0" failures="0">
  <properties>
[...]
</properties>
  <testcase name="deleteGraduate" classname="com.myh.service.GraduateServiceTest" time="0.025">
    <system-out><![CDATA[DEBUG [main] - Logging initialized using 'class org.apache.ibatis.logging.log4j.Log4jImpl' adapter.
]]></system-out>
    <system-err><![CDATA[五月 06, 2023 3:20:02 下午 org.springframework.test.context.support.AbstractTestContextBootstrapper getDefaultTestExecutionListenerClassNames
信息: Loaded default TestExecutionListener class names from location [META-INF/spring.factories]: [org.springframework.test.context.web.ServletTestExecutionListener, org.springframework.test.context.support.DirtiesContextBeforeModesTestExecutionListener, org.springframework.test.context.support.DependencyInjectionTestExecutionListener, org.springframework.test.context.support.DirtiesContextTestExecutionListener, org.springframework.test.context.transaction.TransactionalTestExecutionListener, org.springframework.test.context.jdbc.SqlScriptsTestExecutionListener, org.springframework.test.context.event.EventPublishingTestExecutionListener]
五月 06, 2023 3:20:02 下午 org.springframework.test.context.support.AbstractTestContextBootstrapper getTestExecutionListeners
信息: Using TestExecutionListeners: [org.springframework.test.context.web.ServletTestExecutionListener@5f3a4b84, org.springframework.test.context.support.DirtiesContextBeforeModesTestExecutionListener@27f723, org.springframework.test.context.support.DependencyInjectionTestExecutionListener@670b40af, org.springframework.test.context.support.DirtiesContextTestExecutionListener@4923ab24, org.springframework.test.context.transaction.TransactionalTestExecutionListener@44c8afef, org.springframework.test.context.jdbc.SqlScriptsTestExecutionListener@7b69c6ba, org.springframework.test.context.event.EventPublishingTestExecutionListener@46daef40]
五月 06, 2023 3:20:03 下午 org.mybatis.spring.mapper.ClassPathMapperScanner checkCandidate
警告: Skipping MapperFactoryBean with name 'auditMapper' and 'com.myh.mapper.AuditMapper' mapperInterface. Bean already defined with the same name!
五月 06, 2023 3:20:03 下午 org.mybatis.spring.mapper.ClassPathMapperScanner checkCandidate
警告: Skipping MapperFactoryBean with name 'collegeMapper' and 'com.myh.mapper.CollegeMapper' mapperInterface. Bean already defined with the same name!
五月 06, 2023 3:20:03 下午 org.mybatis.spring.mapper.ClassPathMapperScanner checkCandidate
警告: Skipping MapperFactoryBean with name 'companytypeMapper' and 'com.myh.mapper.CompanytypeMapper' mapperInterface. Bean already defined with the same name!
五月 06, 2023 3:20:03 下午 org.mybatis.spring.mapper.ClassPathMapperScanner checkCandidate
警告: Skipping MapperFactoryBean with name 'directionMapper' and 'com.myh.mapper.DirectionMapper' mapperInterface. Bean already defined with the same name!
五月 06, 2023 3:20:03 下午 org.mybatis.spring.mapper.ClassPathMapperScanner checkCandidate
警告: Skipping MapperFactoryBean with name 'graduateMapper' and 'com.myh.mapper.GraduateMapper' mapperInterface. Bean already defined with the same name!
五月 06, 2023 3:20:03 下午 org.mybatis.spring.mapper.ClassPathMapperScanner checkCandidate
警告: Skipping MapperFactoryBean with name 'informationMapper' and 'com.myh.mapper.InformationMapper' mapperInterface. Bean already defined with the same name!
五月 06, 2023 3:20:03 下午 org.mybatis.spring.mapper.ClassPathMapperScanner checkCandidate
警告: Skipping MapperFactoryBean with name 'majorMapper' and 'com.myh.mapper.MajorMapper' mapperInterface. Bean already defined with the same name!
五月 06, 2023 3:20:03 下午 org.mybatis.spring.mapper.ClassPathMapperScanner checkCandidate
警告: Skipping MapperFactoryBean with name 'managerMapper' and 'com.myh.mapper.ManagerMapper' mapperInterface. Bean already defined with the same name!
五月 06, 2023 3:20:03 下午 org.mybatis.spring.mapper.ClassPathMapperScanner doScan
警告: No MyBatis mapper was found in '[com.myh.mapper]' package. Please check your configuration.
]]></system-err>
  </testcase>
  <testcase name="queryByPage" classname="com.myh.service.GraduateServiceTest" time="3.047">
    <system-out><![CDATA[ INFO [main] - {dataSource-1} inited
DEBUG [main] - Creating a new SqlSession
DEBUG [main] - Registering transaction synchronization for SqlSession [org.apache.ibatis.session.defaults.DefaultSqlSession@c35172e]
DEBUG [main] - JDBC Connection [com.mysql.cj.jdbc.ConnectionImpl@758a34ce] will be managed by Spring
DEBUG [main] - ==>  Preparing: SELECT count(0) FROM graduate
DEBUG [main] - ==> Parameters: 
DEBUG [main] - <==      Total: 1
DEBUG [main] - ==>  Preparing: select stuno, grade, password, stuname, sex, idNumber, college, major, direction, place, url, note, lastSaveTime, isInProvince, isCrossExam, isDFC, companyId from graduate LIMIT ?
DEBUG [main] - ==> Parameters: 5(Integer)
DEBUG [main] - <==      Total: 5
DEBUG [main] - Releasing transactional SqlSession [org.apache.ibatis.session.defaults.DefaultSqlSession@c35172e]
DEBUG [main] - Fetched SqlSession [org.apache.ibatis.session.defaults.DefaultSqlSession@c35172e] from current transaction
DEBUG [main] - ==>  Preparing: select id, college from college where id = ?
DEBUG [main] - ==> Parameters: null
DEBUG [main] - <==      Total: 0
DEBUG [main] - Releasing transactional SqlSession [org.apache.ibatis.session.defaults.DefaultSqlSession@c35172e]
DEBUG [main] - Fetched SqlSession [org.apache.ibatis.session.defaults.DefaultSqlSession@c35172e] from current transaction
DEBUG [main] - ==>  Preparing: select id, collegeid, major from major where id = ?
DEBUG [main] - ==> Parameters: null
DEBUG [main] - <==      Total: 0
DEBUG [main] - Releasing transactional SqlSession [org.apache.ibatis.session.defaults.DefaultSqlSession@c35172e]
DEBUG [main] - Fetched SqlSession [org.apache.ibatis.session.defaults.DefaultSqlSession@c35172e] from current transaction
DEBUG [main] - ==>  Preparing: select id, direction from direction where id = ?
DEBUG [main] - ==> Parameters: null
DEBUG [main] - <==      Total: 0
DEBUG [main] - Releasing transactional SqlSession [org.apache.ibatis.session.defaults.DefaultSqlSession@c35172e]
DEBUG [main] - Fetched SqlSession [org.apache.ibatis.session.defaults.DefaultSqlSession@c35172e] from current transaction
DEBUG [main] - ==>  Preparing: select id, college from college where id = ?
DEBUG [main] - ==> Parameters: 15(Integer)
DEBUG [main] - <==      Total: 1
DEBUG [main] - Releasing transactional SqlSession [org.apache.ibatis.session.defaults.DefaultSqlSession@c35172e]
DEBUG [main] - Fetched SqlSession [org.apache.ibatis.session.defaults.DefaultSqlSession@c35172e] from current transaction
DEBUG [main] - ==>  Preparing: select id, collegeid, major from major where id = ?
DEBUG [main] - ==> Parameters: 46(Integer)
DEBUG [main] - <==      Total: 1
DEBUG [main] - Releasing transactional SqlSession [org.apache.ibatis.session.defaults.DefaultSqlSession@c35172e]
DEBUG [main] - Fetched SqlSession [org.apache.ibatis.session.defaults.DefaultSqlSession@c35172e] from current transaction
DEBUG [main] - ==>  Preparing: select id, direction from direction where id = ?
DEBUG [main] - ==> Parameters: 3(Integer)
DEBUG [main] - <==      Total: 1
DEBUG [main] - Releasing transactional SqlSession [org.apache.ibatis.session.defaults.DefaultSqlSession@c35172e]
DEBUG [main] - Fetched SqlSession [org.apache.ibatis.session.defaults.DefaultSqlSession@c35172e] from current transaction
DEBUG [main] - ==>  Preparing: select id, college from college where id = ?
DEBUG [main] - ==> Parameters: 4(Integer)
DEBUG [main] - <==      Total: 1
DEBUG [main] - Releasing transactional SqlSession [org.apache.ibatis.session.defaults.DefaultSqlSession@c35172e]
DEBUG [main] - Fetched SqlSession [org.apache.ibatis.session.defaults.DefaultSqlSession@c35172e] from current transaction
DEBUG [main] - ==>  Preparing: select id, collegeid, major from major where id = ?
DEBUG [main] - ==> Parameters: 14(Integer)
DEBUG [main] - <==      Total: 1
DEBUG [main] - Releasing transactional SqlSession [org.apache.ibatis.session.defaults.DefaultSqlSession@c35172e]
DEBUG [main] - Fetched SqlSession [org.apache.ibatis.session.defaults.DefaultSqlSession@c35172e] from current transaction
DEBUG [main] - ==>  Preparing: select id, direction from direction where id = ?
DEBUG [main] - ==> Parameters: 6(Integer)
DEBUG [main] - <==      Total: 1
DEBUG [main] - Releasing transactional SqlSession [org.apache.ibatis.session.defaults.DefaultSqlSession@c35172e]
DEBUG [main] - Fetched SqlSession [org.apache.ibatis.session.defaults.DefaultSqlSession@c35172e] from current transaction
DEBUG [main] - Releasing transactional SqlSession [org.apache.ibatis.session.defaults.DefaultSqlSession@c35172e]
DEBUG [main] - Fetched SqlSession [org.apache.ibatis.session.defaults.DefaultSqlSession@c35172e] from current transaction
DEBUG [main] - Releasing transactional SqlSession [org.apache.ibatis.session.defaults.DefaultSqlSession@c35172e]
DEBUG [main] - Fetched SqlSession [org.apache.ibatis.session.defaults.DefaultSqlSession@c35172e] from current transaction
DEBUG [main] - Releasing transactional SqlSession [org.apache.ibatis.session.defaults.DefaultSqlSession@c35172e]
DEBUG [main] - Fetched SqlSession [org.apache.ibatis.session.defaults.DefaultSqlSession@c35172e] from current transaction
DEBUG [main] - ==>  Preparing: select id, college from college where id = ?
DEBUG [main] - ==> Parameters: 14(Integer)
DEBUG [main] - <==      Total: 1
DEBUG [main] - Releasing transactional SqlSession [org.apache.ibatis.session.defaults.DefaultSqlSession@c35172e]
DEBUG [main] - Fetched SqlSession [org.apache.ibatis.session.defaults.DefaultSqlSession@c35172e] from current transaction
DEBUG [main] - ==>  Preparing: select id, collegeid, major from major where id = ?
DEBUG [main] - ==> Parameters: 43(Integer)
DEBUG [main] - <==      Total: 1
DEBUG [main] - Releasing transactional SqlSession [org.apache.ibatis.session.defaults.DefaultSqlSession@c35172e]
DEBUG [main] - Fetched SqlSession [org.apache.ibatis.session.defaults.DefaultSqlSession@c35172e] from current transaction
DEBUG [main] - ==>  Preparing: select id, direction from direction where id = ?
DEBUG [main] - ==> Parameters: 1(Integer)
DEBUG [main] - <==      Total: 1
DEBUG [main] - Releasing transactional SqlSession [org.apache.ibatis.session.defaults.DefaultSqlSession@c35172e]
DEBUG [main] - Transaction synchronization committing SqlSession [org.apache.ibatis.session.defaults.DefaultSqlSession@c35172e]
DEBUG [main] - Transaction synchronization deregistering SqlSession [org.apache.ibatis.session.defaults.DefaultSqlSession@c35172e]
DEBUG [main] - Transaction synchronization closing SqlSession [org.apache.ibatis.session.defaults.DefaultSqlSession@c35172e]
Page{count=true, pageNum=1, pageSize=5, startRow=0, endRow=5, total=4022, pages=805, reasonable=true, pageSizeZero=false}[Graduate{stuno='201830523000', grade=null, password='', stuname='', sex=null, idNumber='null', college=null, major=null, direction=null, place='', url='null', note='null', lastSaveTime=Mon May 01 07:03:36 GMT+08:00 2023, isInProvince=null, isCrossExam=null, isDFC=null, companyId=null, c=null, m=null, d=null}, Graduate{stuno='201830523001', grade=2023, password='0000', stuname='张1', sex=1, idNumber='527444292936510000', college=15, major=46, direction=3, place='', url='null', note='', lastSaveTime=Thu May 04 07:46:32 GMT+08:00 2023, isInProvince=1, isCrossExam=1, isDFC=1, companyId=null, c=com.myh.pojo.College@75459c75, m=com.myh.pojo.Major@183e8023, d=com.myh.pojo.Direction@45efc20d}, Graduate{stuno='201830523002', grade=2022, password='0000', stuname='张2', sex=0, idNumber='669183410134928000', college=4, major=14, direction=6, place='', url='c9a12ea0bda1448f8208396bf3e23d18.jpg', note='', lastSaveTime=Tue Apr 25 00:05:05 GMT+08:00 2023, isInProvince=0, isCrossExam=null, isDFC=null, companyId=null, c=com.myh.pojo.College@3e5499cc, m=com.myh.pojo.Major@67ab1c47, d=com.myh.pojo.Direction@b78a709}, Graduate{stuno='201830523003', grade=null, password='null', stuname='null', sex=null, idNumber='null', college=null, major=null, direction=null, place='null', url='null', note='null', lastSaveTime=Tue Apr 25 00:05:05 GMT+08:00 2023, isInProvince=1, isCrossExam=null, isDFC=null, companyId=null, c=null, m=null, d=null}, Graduate{stuno='201830523004', grade=2023, password='Aa1!123', stuname='asdf', sex=1, idNumber='527444292936510000', college=14, major=43, direction=1, place='', url='0fc68960264f4d9e86e01c8b5f06f186.jpg', note='', lastSaveTime=Sun Apr 30 23:18:45 GMT+08:00 2023, isInProvince=0, isCrossExam=1, isDFC=1, companyId=4, c=com.myh.pojo.College@30bcf3c1, m=com.myh.pojo.Major@2a3c96e3, d=com.myh.pojo.Direction@15cafec7}]
]]></system-out>
  </testcase>
  <testcase name="countByDFC" classname="com.myh.service.GraduateServiceTest" time="0"/>
  <testcase name="signUp" classname="com.myh.service.GraduateServiceTest" time="0"/>
  <testcase name="addGraduate" classname="com.myh.service.GraduateServiceTest" time="0"/>
  <testcase name="deleteGraduates" classname="com.myh.service.GraduateServiceTest" time="0"/>
  <testcase name="calculateRate" classname="com.myh.service.GraduateServiceTest" time="0"/>
  <testcase name="login" classname="com.myh.service.GraduateServiceTest" time="0.001"/>
  <testcase name="updateGraduate" classname="com.myh.service.GraduateServiceTest" time="0"/>
  <testcase name="testCalculateRate" classname="com.myh.service.GraduateServiceTest" time="0.103">
    <system-out><![CDATA[DEBUG [main] - Creating a new SqlSession
DEBUG [main] - Registering transaction synchronization for SqlSession [org.apache.ibatis.session.defaults.DefaultSqlSession@5b444398]
DEBUG [main] - JDBC Connection [com.mysql.cj.jdbc.ConnectionImpl@758a34ce] will be managed by Spring
DEBUG [main] - ==>  Preparing: select count(*) from graduate WHERE ( grade = ? )
DEBUG [main] - ==> Parameters: 2023(Integer)
DEBUG [main] - <==      Total: 1
DEBUG [main] - Releasing transactional SqlSession [org.apache.ibatis.session.defaults.DefaultSqlSession@5b444398]
DEBUG [main] - Fetched SqlSession [org.apache.ibatis.session.defaults.DefaultSqlSession@5b444398] from current transaction
DEBUG [main] - Releasing transactional SqlSession [org.apache.ibatis.session.defaults.DefaultSqlSession@5b444398]
DEBUG [main] - Fetched SqlSession [org.apache.ibatis.session.defaults.DefaultSqlSession@5b444398] from current transaction
DEBUG [main] - ==>  Preparing: select id, direction from direction
DEBUG [main] - ==> Parameters: 
DEBUG [main] - <==      Total: 9
DEBUG [main] - Releasing transactional SqlSession [org.apache.ibatis.session.defaults.DefaultSqlSession@5b444398]
DEBUG [main] - Fetched SqlSession [org.apache.ibatis.session.defaults.DefaultSqlSession@5b444398] from current transaction
DEBUG [main] - ==>  Preparing: select count(*) from graduate WHERE ( grade = ? and direction = ? )
DEBUG [main] - ==> Parameters: 2023(Integer), 0(Integer)
DEBUG [main] - <==      Total: 1
DEBUG [main] - Releasing transactional SqlSession [org.apache.ibatis.session.defaults.DefaultSqlSession@5b444398]
DEBUG [main] - Fetched SqlSession [org.apache.ibatis.session.defaults.DefaultSqlSession@5b444398] from current transaction
DEBUG [main] - ==>  Preparing: select count(*) from graduate WHERE ( grade = ? and direction = ? )
DEBUG [main] - ==> Parameters: 2023(Integer), 1(Integer)
DEBUG [main] - <==      Total: 1
DEBUG [main] - Releasing transactional SqlSession [org.apache.ibatis.session.defaults.DefaultSqlSession@5b444398]
DEBUG [main] - Fetched SqlSession [org.apache.ibatis.session.defaults.DefaultSqlSession@5b444398] from current transaction
DEBUG [main] - ==>  Preparing: select count(*) from graduate WHERE ( grade = ? and direction = ? )
DEBUG [main] - ==> Parameters: 2023(Integer), 2(Integer)
DEBUG [main] - <==      Total: 1
DEBUG [main] - Releasing transactional SqlSession [org.apache.ibatis.session.defaults.DefaultSqlSession@5b444398]
DEBUG [main] - Fetched SqlSession [org.apache.ibatis.session.defaults.DefaultSqlSession@5b444398] from current transaction
DEBUG [main] - ==>  Preparing: select count(*) from graduate WHERE ( grade = ? and direction = ? )
DEBUG [main] - ==> Parameters: 2023(Integer), 3(Integer)
DEBUG [main] - <==      Total: 1
DEBUG [main] - Releasing transactional SqlSession [org.apache.ibatis.session.defaults.DefaultSqlSession@5b444398]
DEBUG [main] - Fetched SqlSession [org.apache.ibatis.session.defaults.DefaultSqlSession@5b444398] from current transaction
DEBUG [main] - ==>  Preparing: select count(*) from graduate WHERE ( grade = ? and direction = ? )
DEBUG [main] - ==> Parameters: 2023(Integer), 4(Integer)
DEBUG [main] - <==      Total: 1
DEBUG [main] - Releasing transactional SqlSession [org.apache.ibatis.session.defaults.DefaultSqlSession@5b444398]
DEBUG [main] - Fetched SqlSession [org.apache.ibatis.session.defaults.DefaultSqlSession@5b444398] from current transaction
DEBUG [main] - ==>  Preparing: select count(*) from graduate WHERE ( grade = ? and direction = ? )
DEBUG [main] - ==> Parameters: 2023(Integer), 5(Integer)
DEBUG [main] - <==      Total: 1
DEBUG [main] - Releasing transactional SqlSession [org.apache.ibatis.session.defaults.DefaultSqlSession@5b444398]
DEBUG [main] - Fetched SqlSession [org.apache.ibatis.session.defaults.DefaultSqlSession@5b444398] from current transaction
DEBUG [main] - ==>  Preparing: select count(*) from graduate WHERE ( grade = ? and direction = ? )
DEBUG [main] - ==> Parameters: 2023(Integer), 6(Integer)
DEBUG [main] - <==      Total: 1
DEBUG [main] - Releasing transactional SqlSession [org.apache.ibatis.session.defaults.DefaultSqlSession@5b444398]
DEBUG [main] - Fetched SqlSession [org.apache.ibatis.session.defaults.DefaultSqlSession@5b444398] from current transaction
DEBUG [main] - ==>  Preparing: select count(*) from graduate WHERE ( grade = ? and direction = ? )
DEBUG [main] - ==> Parameters: 2023(Integer), 7(Integer)
DEBUG [main] - <==      Total: 1
DEBUG [main] - Releasing transactional SqlSession [org.apache.ibatis.session.defaults.DefaultSqlSession@5b444398]
DEBUG [main] - Fetched SqlSession [org.apache.ibatis.session.defaults.DefaultSqlSession@5b444398] from current transaction
DEBUG [main] - ==>  Preparing: select count(*) from graduate WHERE ( grade = ? and direction = ? )
DEBUG [main] - ==> Parameters: 2023(Integer), 8(Integer)
DEBUG [main] - <==      Total: 1
DEBUG [main] - Releasing transactional SqlSession [org.apache.ibatis.session.defaults.DefaultSqlSession@5b444398]
DEBUG [main] - Fetched SqlSession [org.apache.ibatis.session.defaults.DefaultSqlSession@5b444398] from current transaction
DEBUG [main] - ==>  Preparing: select count(*) from graduate WHERE ( grade = ? and direction = ? and isDFC = ? )
DEBUG [main] - ==> Parameters: 2023(Integer), 3(Integer), 1(Integer)
DEBUG [main] - <==      Total: 1
DEBUG [main] - Releasing transactional SqlSession [org.apache.ibatis.session.defaults.DefaultSqlSession@5b444398]
DEBUG [main] - Fetched SqlSession [org.apache.ibatis.session.defaults.DefaultSqlSession@5b444398] from current transaction
DEBUG [main] - ==>  Preparing: select count(*) from graduate WHERE ( grade = ? and direction = ? and isDFC = ? )
DEBUG [main] - ==> Parameters: 2023(Integer), 3(Integer), 0(Integer)
DEBUG [main] - <==      Total: 1
DEBUG [main] - Releasing transactional SqlSession [org.apache.ibatis.session.defaults.DefaultSqlSession@5b444398]
DEBUG [main] - Fetched SqlSession [org.apache.ibatis.session.defaults.DefaultSqlSession@5b444398] from current transaction
DEBUG [main] - ==>  Preparing: select count(*) from graduate WHERE ( grade = ? and direction = ? and isCrossExam = ? )
DEBUG [main] - ==> Parameters: 2023(Integer), 3(Integer), 1(Integer)
DEBUG [main] - <==      Total: 1
DEBUG [main] - Releasing transactional SqlSession [org.apache.ibatis.session.defaults.DefaultSqlSession@5b444398]
DEBUG [main] - Fetched SqlSession [org.apache.ibatis.session.defaults.DefaultSqlSession@5b444398] from current transaction
DEBUG [main] - ==>  Preparing: select count(*) from graduate WHERE ( grade = ? and direction = ? and isCrossExam = ? )
DEBUG [main] - ==> Parameters: 2023(Integer), 3(Integer), 0(Integer)
DEBUG [main] - <==      Total: 1
DEBUG [main] - Releasing transactional SqlSession [org.apache.ibatis.session.defaults.DefaultSqlSession@5b444398]
DEBUG [main] - Fetched SqlSession [org.apache.ibatis.session.defaults.DefaultSqlSession@5b444398] from current transaction
DEBUG [main] - ==>  Preparing: select id, companyType from companytype
DEBUG [main] - ==> Parameters: 
DEBUG [main] - <==      Total: 5
DEBUG [main] - Releasing transactional SqlSession [org.apache.ibatis.session.defaults.DefaultSqlSession@5b444398]
DEBUG [main] - Fetched SqlSession [org.apache.ibatis.session.defaults.DefaultSqlSession@5b444398] from current transaction
DEBUG [main] - ==>  Preparing: select count(*) from graduate WHERE ( grade = ? and direction in ( ? , ? ) and companyId = ? )
DEBUG [main] - ==> Parameters: 2023(Integer), 1(Integer), 2(Integer), 1(Integer)
DEBUG [main] - <==      Total: 1
DEBUG [main] - Releasing transactional SqlSession [org.apache.ibatis.session.defaults.DefaultSqlSession@5b444398]
DEBUG [main] - Fetched SqlSession [org.apache.ibatis.session.defaults.DefaultSqlSession@5b444398] from current transaction
DEBUG [main] - ==>  Preparing: select count(*) from graduate WHERE ( grade = ? and direction in ( ? , ? ) and companyId = ? )
DEBUG [main] - ==> Parameters: 2023(Integer), 1(Integer), 2(Integer), 2(Integer)
DEBUG [main] - <==      Total: 1
DEBUG [main] - Releasing transactional SqlSession [org.apache.ibatis.session.defaults.DefaultSqlSession@5b444398]
DEBUG [main] - Fetched SqlSession [org.apache.ibatis.session.defaults.DefaultSqlSession@5b444398] from current transaction
DEBUG [main] - ==>  Preparing: select count(*) from graduate WHERE ( grade = ? and direction in ( ? , ? ) and companyId = ? )
DEBUG [main] - ==> Parameters: 2023(Integer), 1(Integer), 2(Integer), 3(Integer)
DEBUG [main] - <==      Total: 1
DEBUG [main] - Releasing transactional SqlSession [org.apache.ibatis.session.defaults.DefaultSqlSession@5b444398]
DEBUG [main] - Fetched SqlSession [org.apache.ibatis.session.defaults.DefaultSqlSession@5b444398] from current transaction
DEBUG [main] - ==>  Preparing: select count(*) from graduate WHERE ( grade = ? and direction in ( ? , ? ) and companyId = ? )
DEBUG [main] - ==> Parameters: 2023(Integer), 1(Integer), 2(Integer), 4(Integer)
DEBUG [main] - <==      Total: 1
DEBUG [main] - Releasing transactional SqlSession [org.apache.ibatis.session.defaults.DefaultSqlSession@5b444398]
DEBUG [main] - Fetched SqlSession [org.apache.ibatis.session.defaults.DefaultSqlSession@5b444398] from current transaction
DEBUG [main] - ==>  Preparing: select count(*) from graduate WHERE ( grade = ? and direction in ( ? , ? ) and companyId = ? )
DEBUG [main] - ==> Parameters: 2023(Integer), 1(Integer), 2(Integer), 5(Integer)
DEBUG [main] - <==      Total: 1
DEBUG [main] - Releasing transactional SqlSession [org.apache.ibatis.session.defaults.DefaultSqlSession@5b444398]
DEBUG [main] - Transaction synchronization committing SqlSession [org.apache.ibatis.session.defaults.DefaultSqlSession@5b444398]
DEBUG [main] - Transaction synchronization deregistering SqlSession [org.apache.ibatis.session.defaults.DefaultSqlSession@5b444398]
DEBUG [main] - Transaction synchronization closing SqlSession [org.apache.ibatis.session.defaults.DefaultSqlSession@5b444398]
RateVO{total=2000, totalOfQueryVO=2000, Count={应征义务兵=269, 出国(境)=239, 劳动合同就业=243, 其他录用形式就业=249, 升学=249, 基层项目=257, 未就业=131, 待定=97, 自主创业=266}, Rate={应征义务兵=0.13, 出国(境)=0.12, 劳动合同就业=0.12, 其他录用形式就业=0.12, 升学=0.12, 基层项目=0.13, 未就业=0.07, 待定=0.05, 自主创业=0.13}}
]]></system-out>
  </testcase>
  <testcase name="countByCE" classname="com.myh.service.GraduateServiceTest" time="0"/>
  <testcase name="queryByStuno" classname="com.myh.service.GraduateServiceTest" time="0.001"/>
  <testcase name="countByCompanyType" classname="com.myh.service.GraduateServiceTest" time="0.001"/>
  <testcase name="countByDirection" classname="com.myh.service.GraduateServiceTest" time="0"/>
</testsuite>